    OpenRGB v0.9
    Commit: b5f46e3f1de03595656c682fc2f068b66e735e63 from 2023-07-09 22:51:47 -0500
    Launched: 20240409_191936
====================================================================================================

1002  |Info:    ------------------------------------------------------
1002  |Info:    |               Start device detection               |
1002  |Info:    ------------------------------------------------------
1002  |Info:    Initializing HID interfaces: Success
1010  |Info:    ------------------------------------------------------
1010  |Info:    |             Detecting I2C interfaces               |
1010  |Info:    ------------------------------------------------------
1018  |Info:    Registering I2C interface: /dev/i2c-3 Device 1002:73FF Subsystem: 1849:5216
1018  |Warning: [i2c_smbus_linux] Failed to read i2c device PCI device ID
1018  |Info:    Registering I2C interface: /dev/i2c-10 Device 0000:0000 Subsystem: 0000:0000
1018  |Info:    Registering I2C interface: /dev/i2c-1 Device 1022:790B Subsystem: 1462:7C56
1018  |Info:    Registering I2C interface: /dev/i2c-8 Device 1002:73FF Subsystem: 1849:5216
1018  |Info:    Registering I2C interface: /dev/i2c-6 Device 1002:73FF Subsystem: 1849:5216
1018  |Info:    Registering I2C interface: /dev/i2c-4 Device 1002:73FF Subsystem: 1849:5216
1018  |Warning: [i2c_smbus_linux] Failed to read i2c device PCI device ID
1018  |Info:    Registering I2C interface: /dev/i2c-11 Device 0000:0000 Subsystem: 0000:0000
1019  |Info:    Registering I2C interface: /dev/i2c-2 Device 1022:790B Subsystem: 1462:7C56
1019  |Info:    Registering I2C interface: /dev/i2c-0 Device 1022:790B Subsystem: 1462:7C56
1019  |Warning: [i2c_smbus_linux] Failed to read i2c device PCI device ID
1019  |Info:    Registering I2C interface: /dev/i2c-9 Device 0000:0000 Subsystem: 0000:0000
1019  |Info:    Registering I2C interface: /dev/i2c-7 Device 1002:73FF Subsystem: 1849:5216
1019  |Info:    Registering I2C interface: /dev/i2c-5 Device 1002:73FF Subsystem: 1849:5216
1019  |Info:    ------------------------------------------------------
1019  |Info:    |               Detecting I2C devices                |
1019  |Info:    ------------------------------------------------------
2030  |Info:    ------------------------------------------------------
2030  |Info:    |               Detecting I2C PCI devices            |
2030  |Info:    ------------------------------------------------------
2031  |Info:    ------------------------------------------------------
2031  |Info:    |               Detecting HID devices                |
2031  |Info:    ------------------------------------------------------
2111  |Info:    [MSI MPG B550 GAMING PLUS (MS-7C56)] Registering RGB controller
2131  |Info:    ------------------------------------------------------
2131  |Info:    |            Detecting libusb HID devices            |
2131  |Info:    ------------------------------------------------------
2131  |Info:    ------------------------------------------------------
2131  |Info:    |              Detecting other devices               |
2131  |Info:    ------------------------------------------------------
2144  |Info:    ------------------------------------------------------
2144  |Info:    |                Detection completed                 |
2144  |Info:    ------------------------------------------------------
