    OpenRGB v0.9
    Commit: b5f46e3f1de03595656c682fc2f068b66e735e63 from 2023-07-09 22:51:47 -0500
    Launched: 20240409_214725
====================================================================================================

1006  |Info:    ------------------------------------------------------
1006  |Info:    |               Start device detection               |
1006  |Info:    ------------------------------------------------------
1007  |Info:    Initializing HID interfaces: Success
1014  |Info:    ------------------------------------------------------
1014  |Info:    |             Detecting I2C interfaces               |
1014  |Info:    ------------------------------------------------------
1014  |Info:    Registering I2C interface: /dev/i2c-3 Device 1002:73FF Subsystem: 1849:5216
1015  |Warning: [i2c_smbus_linux] Failed to read i2c device PCI device ID
1015  |Info:    Registering I2C interface: /dev/i2c-10 Device 0000:0000 Subsystem: 0000:0000
1015  |Info:    Registering I2C interface: /dev/i2c-1 Device 1022:790B Subsystem: 1462:7C56
1015  |Info:    Registering I2C interface: /dev/i2c-8 Device 1002:73FF Subsystem: 1849:5216
1015  |Info:    Registering I2C interface: /dev/i2c-6 Device 1002:73FF Subsystem: 1849:5216
1015  |Info:    Registering I2C interface: /dev/i2c-4 Device 1002:73FF Subsystem: 1849:5216
1015  |Warning: [i2c_smbus_linux] Failed to read i2c device PCI device ID
1015  |Info:    Registering I2C interface: /dev/i2c-11 Device 0000:0000 Subsystem: 0000:0000
1015  |Info:    Registering I2C interface: /dev/i2c-2 Device 1022:790B Subsystem: 1462:7C56
1015  |Info:    Registering I2C interface: /dev/i2c-0 Device 1022:790B Subsystem: 1462:7C56
1016  |Warning: [i2c_smbus_linux] Failed to read i2c device PCI device ID
1016  |Info:    Registering I2C interface: /dev/i2c-9 Device 0000:0000 Subsystem: 0000:0000
1016  |Info:    Registering I2C interface: /dev/i2c-7 Device 1002:73FF Subsystem: 1849:5216
1016  |Info:    Registering I2C interface: /dev/i2c-5 Device 1002:73FF Subsystem: 1849:5216
1016  |Info:    ------------------------------------------------------
1016  |Info:    |               Detecting I2C devices                |
1016  |Info:    ------------------------------------------------------
2025  |Info:    ------------------------------------------------------
2025  |Info:    |               Detecting I2C PCI devices            |
2025  |Info:    ------------------------------------------------------
2026  |Info:    ------------------------------------------------------
2026  |Info:    |               Detecting HID devices                |
2026  |Info:    ------------------------------------------------------
2108  |Info:    [MSI MPG B550 GAMING PLUS (MS-7C56)] Registering RGB controller
2128  |Info:    ------------------------------------------------------
2128  |Info:    |            Detecting libusb HID devices            |
2128  |Info:    ------------------------------------------------------
2128  |Info:    ------------------------------------------------------
2128  |Info:    |              Detecting other devices               |
2128  |Info:    ------------------------------------------------------
2138  |Info:    ------------------------------------------------------
2138  |Info:    |                Detection completed                 |
2138  |Info:    ------------------------------------------------------
